<?xml version="1.0" encoding="UTF-8"?>
<testng-results ignored="0" total="5" passed="5" failed="0" skipped="0">
  <reporter-output>
  </reporter-output>
  <suite started-at="2022-01-20T16:33:00Z" name="Default suite" finished-at="2022-01-20T16:33:09Z" duration-ms="9439">
    <groups>
    </groups>
    <test started-at="2022-01-20T16:33:00Z" name="Default test" finished-at="2022-01-20T16:33:09Z" duration-ms="9439">
      <class name="com.employeeapi.testCases.TC002_Get_Single_Employee_Record">
        <test-method is-config="true" signature="setup()[pri:0, instance:com.employeeapi.testCases.TC002_Get_Single_Employee_Record@7fbdb894]" started-at="2022-01-20T16:33:00Z" name="setup" finished-at="2022-01-20T16:33:00Z" duration-ms="215" status="PASS">
          <reporter-output>
          </reporter-output>
        </test-method> <!-- setup -->
        <test-method is-config="true" signature="getEmployeeData()[pri:0, instance:com.employeeapi.testCases.TC002_Get_Single_Employee_Record@7fbdb894]" started-at="2022-01-20T16:33:00Z" name="getEmployeeData" finished-at="2022-01-20T16:33:09Z" duration-ms="9065" status="PASS">
          <reporter-output>
          </reporter-output>
        </test-method> <!-- getEmployeeData -->
        <test-method signature="checkContentLenght()[pri:0, instance:com.employeeapi.testCases.TC002_Get_Single_Employee_Record@7fbdb894]" started-at="2022-01-20T16:33:09Z" name="checkContentLenght" finished-at="2022-01-20T16:33:09Z" duration-ms="25" status="PASS">
          <reporter-output>
          </reporter-output>
        </test-method> <!-- checkContentLenght -->
        <test-method signature="checkResponseTime()[pri:0, instance:com.employeeapi.testCases.TC002_Get_Single_Employee_Record@7fbdb894]" started-at="2022-01-20T16:33:09Z" name="checkResponseTime" finished-at="2022-01-20T16:33:09Z" duration-ms="6" status="PASS">
          <reporter-output>
          </reporter-output>
        </test-method> <!-- checkResponseTime -->
        <test-method signature="checkResposeBody()[pri:0, instance:com.employeeapi.testCases.TC002_Get_Single_Employee_Record@7fbdb894]" started-at="2022-01-20T16:33:09Z" name="checkResposeBody" finished-at="2022-01-20T16:33:09Z" duration-ms="39" status="PASS">
          <reporter-output>
          </reporter-output>
        </test-method> <!-- checkResposeBody -->
        <test-method signature="checkStatusCode()[pri:0, instance:com.employeeapi.testCases.TC002_Get_Single_Employee_Record@7fbdb894]" started-at="2022-01-20T16:33:09Z" name="checkStatusCode" finished-at="2022-01-20T16:33:09Z" duration-ms="3" status="PASS">
          <reporter-output>
          </reporter-output>
        </test-method> <!-- checkStatusCode -->
        <test-method signature="checkserverType()[pri:0, instance:com.employeeapi.testCases.TC002_Get_Single_Employee_Record@7fbdb894]" started-at="2022-01-20T16:33:09Z" name="checkserverType" finished-at="2022-01-20T16:33:09Z" duration-ms="5" status="PASS">
          <reporter-output>
          </reporter-output>
        </test-method> <!-- checkserverType -->
        <test-method is-config="true" signature="tearDown()[pri:0, instance:com.employeeapi.testCases.TC002_Get_Single_Employee_Record@7fbdb894]" started-at="2022-01-20T16:33:09Z" name="tearDown" finished-at="2022-01-20T16:33:09Z" duration-ms="3" status="PASS">
          <reporter-output>
          </reporter-output>
        </test-method> <!-- tearDown -->
      </class> <!-- com.employeeapi.testCases.TC002_Get_Single_Employee_Record -->
    </test> <!-- Default test -->
  </suite> <!-- Default suite -->
</testng-results>
